<?xml version="1.0" encoding="UTF-8"?>
<!-- Generated by org.testng.reporters.JUnitXMLReporter -->
<testsuite hostname="LAPTOP-EGV7MRH3" ignored="2" name="SanityTest" tests="2" failures="2" timestamp="2022-02-10T09:06:01 IST" time="0.069" errors="0">
  <testcase name="login" time="0.028" classname="com.orangehrm.qa.testcases.AdminPageTest">
    <failure type="java.lang.NullPointerException">
      <![CDATA[java.lang.NullPointerException
at org.openqa.selenium.support.pagefactory.DefaultElementLocator.findElement(DefaultElementLocator.java:70)
at org.openqa.selenium.support.pagefactory.internal.LocatingElementHandler.invoke(LocatingElementHandler.java:39)
at com.sun.proxy.$Proxy11.clear(Unknown Source)
at com.orangehrm.qa.utilities.ElementUtil.sendKeys(ElementUtil.java:68)
at com.orangehrm.qa.pages.LoginPage.login(LoginPage.java:34)
at com.orangehrm.qa.testcases.AdminPageTest.login(AdminPageTest.java:15)
at java.util.ArrayList.forEach(ArrayList.java:1259)
... Removed 27 stack frames]]>
    </failure>
  </testcase> <!-- login -->
  <testcase name="validatePageTitle" time="0.004" classname="com.orangehrm.qa.testcases.AdminPageTest">
    <failure type="java.lang.NullPointerException">
      <![CDATA[java.lang.NullPointerException
at org.openqa.selenium.support.pagefactory.DefaultElementLocator.findElement(DefaultElementLocator.java:70)
at org.openqa.selenium.support.pagefactory.internal.LocatingElementHandler.invoke(LocatingElementHandler.java:39)
at com.sun.proxy.$Proxy11.click(Unknown Source)
at com.orangehrm.qa.utilities.ElementUtil.click(ElementUtil.java:60)
at com.orangehrm.qa.pages.AdminPage.adminTabElements(AdminPage.java:59)
at com.orangehrm.qa.testcases.AdminPageTest.validatePageTitle(AdminPageTest.java:22)
at java.util.ArrayList.forEach(ArrayList.java:1259)
... Removed 27 stack frames]]>
    </failure>
  </testcase> <!-- validatePageTitle -->
  <testcase name="verifyAdminPageAddUser" time="0.0" classname="com.orangehrm.qa.testcases.AdminPageTest">
    <ignored/>
  </testcase> <!-- verifyAdminPageAddUser -->
  <testcase name="buttonVisibleCheck" time="0.0" classname="com.orangehrm.qa.testcases.AdminPageTest">
    <ignored/>
  </testcase> <!-- buttonVisibleCheck -->
</testsuite> <!-- SanityTest -->
